06 Sep 21:47:19,011 INFO - info message 
06 Sep 21:47:19,014 ERROR - error messgage 
06 Sep 22:00:50,578 INFO - initializing configuration 
06 Sep 22:00:50,582 ERROR - Incorrect browser 
06 Sep 22:00:50,582 INFO - Choosen browser as chrome1 
06 Sep 22:01:56,411 INFO - initializing configuration 
06 Sep 22:01:56,413 ERROR - Incorrect browser 
06 Sep 22:02:24,761 INFO - initializing configuration 
06 Sep 22:02:24,764 INFO - Choosen browser as chrome1 
06 Sep 22:02:24,764 ERROR - Incorrect browser 
06 Sep 22:02:53,017 INFO - initializing configuration 
06 Sep 22:02:53,035 INFO - Choosen browser as chrome 
06 Sep 22:03:16,405 INFO - Maximizing window 
06 Sep 22:03:20,895 INFO - Navigating URL http://selenium4testing.com/hms/ 
06 Sep 22:03:20,895 INFO - Loading config data from excel 
06 Sep 22:03:26,693 INFO - clearing locator By.xpath: //input[@name='username'] 
06 Sep 22:03:27,105 INFO - passing data to locator By.xpath: //input[@name='username'] 
06 Sep 22:03:27,527 INFO - passing data to locator By.xpath: //input[@name='password'] 
06 Sep 22:03:29,111 INFO - clicking on locator By.xpath: //input[@name='submit'] 
06 Sep 22:03:31,946 INFO - clicking on locator By.linkText: Registration 
06 Sep 22:03:32,805 INFO - clicking on locator By.xpath: html/body/div[2]/div/h3/a 
07 Sep 21:41:54,950 INFO - initializing configuration 
07 Sep 21:41:54,976 INFO - Choosen browser as chrome 
07 Sep 21:42:21,344 INFO - Maximizing window 
07 Sep 21:42:38,137 INFO - Navigating URL http://selenium4testing.com/hms/ 
07 Sep 21:42:38,137 INFO - Loading config data from excel 
07 Sep 21:42:54,499 INFO - clearing locator By.xpath: //input[@name='username'] 
07 Sep 21:43:02,778 INFO - passing data to locator By.xpath: //input[@name='username'] 
07 Sep 21:43:06,286 INFO - passing data to locator By.xpath: //input[@name='password'] 
07 Sep 21:46:10,283 INFO - initializing configuration 
07 Sep 21:46:10,286 INFO - Choosen browser as chrome 
07 Sep 21:46:17,069 INFO - Maximizing window 
07 Sep 21:46:18,557 INFO - Navigating URL http://selenium4testing.com/hms/ 
07 Sep 21:46:18,557 INFO - Loading config data from excel 
07 Sep 21:46:21,187 INFO - clearing locator By.xpath: //input[@name='username'] 
07 Sep 21:46:21,446 INFO - passing data to locator By.xpath: //input[@name='username'] 
07 Sep 21:46:21,821 INFO - passing data to locator By.xpath: //input[@name='password'] 
07 Sep 21:46:26,897 ERROR - unable to find locator By.xpath: //input[@name='submit1'] 
07 Sep 22:06:49,651 INFO - initializing configuration 
07 Sep 22:06:49,682 INFO - Choosen browser as chrome 
07 Sep 22:07:09,908 INFO - Maximizing window 
07 Sep 22:07:12,456 INFO - Navigating URL http://selenium4testing.com/hms/ 
07 Sep 22:07:12,459 INFO - Loading config data from excel 
07 Sep 22:07:17,417 INFO - clearing locator By.xpath: //input[@name='username'] 
07 Sep 22:07:17,757 INFO - passing data to locator By.xpath: //input[@name='username'] 
07 Sep 22:07:18,121 INFO - passing data to locator By.xpath: //input[@name='password'] 
07 Sep 22:07:23,203 ERROR - unable to find locator By.xpath: //input[@name='submit1'] 
07 Sep 22:07:56,880 INFO - Closing browser 
07 Sep 22:14:12,807 INFO - initializing configuration 
07 Sep 22:14:12,811 INFO - Choosen browser as chrome 
07 Sep 22:14:20,923 INFO - Maximizing window 
07 Sep 22:14:23,566 INFO - Navigating URL http://selenium4testing.com/hms/ 
07 Sep 22:14:23,568 INFO - Loading config data from excel 
07 Sep 22:14:26,367 INFO - clearing locator By.xpath: //input[@name='username'] 
07 Sep 22:14:26,666 INFO - passing data to locator By.xpath: //input[@name='username'] 
07 Sep 22:14:26,972 INFO - passing data to locator By.xpath: //input[@name='password'] 
07 Sep 22:14:28,404 INFO - clicking on locator By.xpath: //input[@name='submit'] 
07 Sep 22:14:30,914 INFO - clicking on locator By.linkText: Registration 
07 Sep 22:14:31,628 INFO - clicking on locator By.xpath: html/body/div[2]/div/h3/a 
07 Sep 22:14:33,673 INFO - Closing browser 
07 Sep 22:33:20,360 INFO - initializing configuration 
07 Sep 22:33:20,363 INFO - Choosen browser as chrome 
07 Sep 22:33:32,604 INFO - Maximizing window 
07 Sep 22:33:35,146 INFO - Navigating URL http://selenium4testing.com/hms/ 
07 Sep 22:33:35,147 INFO - Loading config data from excel 
07 Sep 22:33:39,605 INFO - clearing locator By.xpath: //input[@name='username'] 
07 Sep 22:33:40,268 INFO - passing data to locator By.xpath: //input[@name='username'] 
07 Sep 22:33:40,617 INFO - passing data to locator By.xpath: //input[@name='password'] 
07 Sep 22:33:42,130 INFO - clicking on locator By.xpath: //input[@name='submit'] 
07 Sep 22:33:44,718 INFO - clicking on locator By.linkText: Registration 
07 Sep 22:33:45,481 INFO - clicking on locator By.xpath: html/body/div[2]/div/h3/a 
07 Sep 22:33:49,483 INFO - Closing browser 
07 Sep 22:34:26,826 INFO - initializing configuration 
07 Sep 22:34:26,828 INFO - Choosen browser as chrome 
07 Sep 22:34:34,769 INFO - Maximizing window 
07 Sep 22:34:38,673 INFO - Navigating URL http://selenium4testing.com/hms/ 
07 Sep 22:34:38,673 INFO - Loading config data from excel 
07 Sep 22:34:41,239 INFO - clearing locator By.xpath: //input[@name='username'] 
07 Sep 22:34:41,534 INFO - passing data to locator By.xpath: //input[@name='username'] 
07 Sep 22:34:41,833 INFO - passing data to locator By.xpath: //input[@name='password'] 
07 Sep 22:34:43,217 INFO - clicking on locator By.xpath: //input[@name='submit'] 
07 Sep 22:34:45,532 INFO - clicking on locator By.linkText: Registration 
07 Sep 22:34:46,215 INFO - clicking on locator By.xpath: html/body/div[2]/div/h3/a 
07 Sep 22:34:48,168 INFO - Closing browser 
11 Sep 22:21:10,924 INFO - initializing configuration 
11 Sep 22:21:10,967 INFO - Choosen browser as chrome 
11 Sep 22:21:28,874 INFO - Maximizing window 
11 Sep 22:21:31,420 INFO - Navigating URL http://selenium4testing.com/hms/ 
11 Sep 22:21:31,421 INFO - Loading config data from excel 
11 Sep 22:21:34,522 INFO - Closing browser 
11 Sep 22:22:58,492 INFO - initializing configuration 
11 Sep 22:22:58,496 INFO - Choosen browser as chrome 
11 Sep 22:23:06,493 INFO - Maximizing window 
11 Sep 22:23:08,659 INFO - Navigating URL http://selenium4testing.com/hms/ 
11 Sep 22:23:08,660 INFO - Loading config data from excel 
11 Sep 22:23:11,010 INFO - Closing browser 
11 Sep 22:43:17,594 INFO - initializing configuration 
11 Sep 22:43:17,628 INFO - Choosen browser as chrome 
11 Sep 22:43:39,357 INFO - Maximizing window 
11 Sep 22:43:44,121 INFO - Navigating URL http://selenium4testing.com/hms/ 
11 Sep 22:43:44,122 INFO - Loading config data from excel 
11 Sep 22:43:50,982 INFO - Closing browser 
11 Sep 23:07:20,397 INFO - initializing configuration 
11 Sep 23:07:20,411 INFO - Choosen browser as chrome 
11 Sep 23:07:31,812 INFO - Maximizing window 
11 Sep 23:07:47,383 INFO - Navigating URL http://selenium4testing.com/hms/ 
11 Sep 23:07:47,383 INFO - Loading config data from excel 
11 Sep 23:07:51,469 INFO - Closing browser 
11 Sep 23:10:02,620 INFO - initializing configuration 
11 Sep 23:10:02,622 INFO - Choosen browser as chrome 
11 Sep 23:10:11,882 INFO - Maximizing window 
11 Sep 23:10:15,062 INFO - Navigating URL http://selenium4testing.com/hms/ 
11 Sep 23:10:15,062 INFO - Loading config data from excel 
11 Sep 23:10:16,816 INFO - Closing browser 
11 Sep 23:18:57,527 INFO - initializing configuration 
11 Sep 23:18:57,531 INFO - Choosen browser as chrome 
11 Sep 23:19:03,538 INFO - Maximizing window 
11 Sep 23:19:05,263 INFO - Navigating URL http://selenium4testing.com/hms/ 
11 Sep 23:19:05,264 INFO - Loading config data from excel 
11 Sep 23:19:06,991 INFO - Closing browser 
14 Sep 21:08:53,268 INFO - initializing configuration 
14 Sep 21:08:53,272 INFO - Choosen browser as firefox 
14 Sep 21:09:45,166 INFO - initializing configuration 
14 Sep 21:09:45,168 INFO - Choosen browser as chrome 
14 Sep 21:10:07,058 INFO - Maximizing window 
14 Sep 21:10:14,531 INFO - Navigating URL http://selenium4testing.com/hms/ 
14 Sep 21:10:14,532 INFO - Loading config data from excel 
14 Sep 21:10:18,228 INFO - Closing browser 
14 Sep 21:12:24,386 INFO - initializing configuration 
14 Sep 21:12:24,408 INFO - Choosen browser as chrome 
14 Sep 21:12:33,018 INFO - Maximizing window 
14 Sep 21:12:34,790 INFO - Navigating URL http://selenium4testing.com/hms/ 
14 Sep 21:12:34,791 INFO - Loading config data from excel 
14 Sep 21:12:37,261 INFO - Closing browser 
14 Sep 21:16:29,387 INFO - initializing configuration 
14 Sep 21:16:29,390 INFO - Choosen browser as chrome 
14 Sep 21:16:40,269 INFO - Maximizing window 
14 Sep 21:16:45,512 INFO - Navigating URL http://selenium4testing.com/hms/ 
14 Sep 21:16:45,513 INFO - Loading config data from excel 
14 Sep 21:16:52,885 INFO - Closing browser 
14 Sep 21:18:46,297 INFO - initializing configuration 
14 Sep 21:18:46,302 INFO - Choosen browser as chrome 
14 Sep 21:18:53,820 INFO - Maximizing window 
14 Sep 21:18:56,337 INFO - Navigating URL http://selenium4testing.com/hms/ 
14 Sep 21:18:56,337 INFO - Loading config data from excel 
14 Sep 21:18:59,740 INFO - Closing browser 
14 Sep 21:21:16,372 INFO - initializing configuration 
14 Sep 21:21:16,375 INFO - Choosen browser as chrome 
14 Sep 21:21:24,808 INFO - Maximizing window 
14 Sep 21:21:27,851 INFO - Navigating URL http://selenium4testing.com/hms/ 
14 Sep 21:21:27,852 INFO - Loading config data from excel 
14 Sep 21:21:31,046 INFO - Closing browser 
14 Sep 21:25:22,642 INFO - initializing configuration 
14 Sep 21:25:22,646 INFO - Choosen browser as chrome 
14 Sep 21:25:32,825 INFO - Maximizing window 
14 Sep 21:25:35,688 INFO - Navigating URL http://selenium4testing.com/hms/ 
14 Sep 21:25:35,703 INFO - Loading config data from excel 
14 Sep 21:25:37,563 INFO - Closing browser 
14 Sep 21:28:18,098 INFO - initializing configuration 
14 Sep 21:28:18,102 INFO - Choosen browser as chrome 
14 Sep 21:28:30,892 INFO - Maximizing window 
14 Sep 21:28:33,130 INFO - Navigating URL http://selenium4testing.com/hms/ 
14 Sep 21:28:33,131 INFO - Loading config data from excel 
14 Sep 21:28:38,215 INFO - Closing browser 
14 Sep 21:30:01,053 INFO - initializing configuration 
14 Sep 21:30:01,065 INFO - Choosen browser as chrome 
14 Sep 21:30:09,567 INFO - Maximizing window 
14 Sep 21:30:11,845 INFO - Navigating URL http://selenium4testing.com/hms/ 
14 Sep 21:30:11,846 INFO - Loading config data from excel 
14 Sep 21:30:12,339 INFO - clearing locator By.xpath: //input[@name='username'] 
14 Sep 21:30:12,871 INFO - passing data to locator By.xpath: //input[@name='username'] 
14 Sep 21:30:13,268 INFO - passing data to locator By.xpath: //input[@name='password'] 
14 Sep 21:30:14,916 INFO - clicking on locator By.xpath: //input[@name='submit'] 
14 Sep 21:30:20,001 INFO - clicking on locator By.linkText: Registration 
14 Sep 21:30:20,926 INFO - clicking on locator By.xpath: html/body/div[2]/div/h3/a 
14 Sep 21:30:24,444 INFO - Closing browser 
14 Sep 21:31:10,321 INFO - initializing configuration 
14 Sep 21:31:10,323 INFO - Choosen browser as chrome 
14 Sep 21:31:18,453 INFO - Maximizing window 
14 Sep 21:31:20,627 INFO - Navigating URL http://selenium4testing.com/hms/ 
14 Sep 21:31:20,627 INFO - Loading config data from excel 
14 Sep 21:31:21,057 INFO - clearing locator By.xpath: //input[@name='username'] 
14 Sep 21:31:21,296 INFO - passing data to locator By.xpath: //input[@name='username'] 
14 Sep 21:31:21,640 INFO - passing data to locator By.xpath: //input[@name='password'] 
14 Sep 21:31:22,857 INFO - clicking on locator By.xpath: //input[@name='submit'] 
14 Sep 21:31:25,387 INFO - clicking on locator By.linkText: Registration 
14 Sep 21:31:26,098 INFO - clicking on locator By.xpath: html/body/div[2]/div/h3/a 
14 Sep 21:31:28,072 INFO - Closing browser 
14 Sep 21:46:25,049 INFO - initializing configuration 
14 Sep 21:46:25,113 INFO - Choosen browser as chrome 
14 Sep 21:46:51,201 INFO - Maximizing window 
14 Sep 21:46:58,568 INFO - Navigating URL http://selenium4testing.com/hms/ 
14 Sep 21:46:58,569 INFO - Loading config data from excel 
14 Sep 21:46:59,070 INFO - clearing locator By.xpath: //input[@name='username'] 
14 Sep 21:46:59,439 INFO - passing data to locator By.xpath: //input[@name='username'] 
14 Sep 21:46:59,830 INFO - passing data to locator By.xpath: //input[@name='password'] 
14 Sep 21:47:03,058 INFO - clicking on locator By.xpath: //input[@name='submit'] 
14 Sep 21:47:06,939 INFO - clicking on locator By.linkText: Registration 
14 Sep 21:47:08,117 INFO - clicking on locator By.xpath: html/body/div[2]/div/h3/a 
14 Sep 21:47:14,088 INFO - Closing browser 
14 Sep 21:49:07,077 INFO - initializing configuration 
14 Sep 21:49:07,080 INFO - Choosen browser as chrome 
14 Sep 21:49:21,037 INFO - Maximizing window 
14 Sep 21:49:32,458 INFO - Navigating URL http://selenium4testing.com/hms/ 
14 Sep 21:49:32,458 INFO - Loading config data from excel 
14 Sep 21:49:32,945 INFO - clearing locator By.xpath: //input[@name='username'] 
14 Sep 21:49:33,214 INFO - passing data to locator By.xpath: //input[@name='username'] 
14 Sep 21:49:33,626 INFO - passing data to locator By.xpath: //input[@name='password'] 
14 Sep 21:49:35,416 INFO - clicking on locator By.xpath: //input[@name='submit'] 
14 Sep 21:49:38,058 INFO - clicking on locator By.linkText: Registration 
14 Sep 21:49:39,059 INFO - clicking on locator By.xpath: html/body/div[2]/div/h3/a 
14 Sep 21:49:41,337 INFO - Closing browser 
14 Sep 22:00:44,873 INFO - initializing configuration 
14 Sep 22:00:44,896 INFO - Choosen browser as chrome 
14 Sep 22:08:11,730 INFO - initializing configuration 
14 Sep 22:08:11,760 INFO - Choosen browser as chrome 
14 Sep 22:08:23,573 INFO - Maximizing window 
14 Sep 22:08:26,862 INFO - Navigating URL http://selenium4testing.com/hms/ 
14 Sep 22:08:26,862 INFO - Loading config data from excel 
14 Sep 22:08:27,635 INFO - clearing locator By.xpath: //input[@name='username'] 
14 Sep 22:08:28,296 INFO - passing data to locator By.xpath: //input[@name='username'] 
14 Sep 22:08:28,696 INFO - passing data to locator By.xpath: //input[@name='password'] 
14 Sep 22:08:30,562 INFO - clicking on locator By.xpath: //input[@name='submit'] 
14 Sep 22:08:33,913 INFO - clicking on locator By.linkText: Registration 
14 Sep 22:08:34,834 INFO - clicking on locator By.xpath: html/body/div[2]/div/h3/a 
14 Sep 22:08:42,030 INFO - Closing browser 
14 Sep 22:11:02,630 INFO - initializing configuration 
14 Sep 22:11:02,665 INFO - Choosen browser as chrome 
14 Sep 22:11:17,242 INFO - Maximizing window 
14 Sep 22:11:20,653 INFO - Navigating URL http://selenium4testing.com/hms/ 
14 Sep 22:11:20,655 INFO - Loading config data from excel 
14 Sep 22:11:21,291 INFO - clearing locator By.xpath: //input[@name='username'] 
14 Sep 22:11:21,717 INFO - passing data to locator By.xpath: //input[@name='username'] 
14 Sep 22:11:22,251 INFO - passing data to locator By.xpath: //input[@name='password'] 
14 Sep 22:11:23,672 INFO - clicking on locator By.xpath: //input[@name='submit'] 
14 Sep 22:11:27,260 INFO - clicking on locator By.linkText: Registration 
14 Sep 22:11:28,458 INFO - clicking on locator By.xpath: html/body/div[2]/div/h3/a 
14 Sep 22:11:37,403 INFO - Closing browser 
